Watching for file changes with StatReloader
[29/Jul/2025 23:16:24] "GET /api/orders/0f3d1ff0-133b-4dfd-900c-137a6b86961a/payment-status/ HTTP/1.1" 200 167
[29/Jul/2025 23:16:45] "GET /api/orders/5b6d61dd-7877-4c2f-9428-433708a78064/payment-status/ HTTP/1.1" 200 167
/Users/leegyurak/개발/숭실대축제/backend/presentation/api/views.py changed, reloading.
Performing system checks...

System check identified no issues (0 silenced).
July 29, 2025 - 23:16:17
Django version 5.2.4, using settings 'festival_backend.settings'
Starting development server at http://127.0.0.1:8003/
Quit the server with CONTROL-C.

WARNING: This is a development server. Do not use it in a production setting. Use a production WSGI or ASGI server instead.
For more information on production servers see: https://docs.djangoproject.com/en/5.2/howto/deployment/
DEBUG: is_completed=True, discord_notified=False
DEBUG: Sending Discord notification for order 0f3d1ff0-133b-4dfd-900c-137a6b86961a
DEBUG: Exception in Discord notification: 'Order' object has no attribute 'table_id'
DEBUG: is_completed=True, discord_notified=False
DEBUG: Sending Discord notification for order 5b6d61dd-7877-4c2f-9428-433708a78064
DEBUG: Exception in Discord notification: 'Order' object has no attribute 'table_id'
Watching for file changes with StatReloader
[29/Jul/2025 23:17:05] "GET /api/orders/5b6d61dd-7877-4c2f-9428-433708a78064/payment-status/ HTTP/1.1" 200 167
/Users/leegyurak/개발/숭실대축제/backend/presentation/api/views.py changed, reloading.
Performing system checks...

System check identified no issues (0 silenced).
July 29, 2025 - 23:17:01
Django version 5.2.4, using settings 'festival_backend.settings'
Starting development server at http://127.0.0.1:8003/
Quit the server with CONTROL-C.

WARNING: This is a development server. Do not use it in a production setting. Use a production WSGI or ASGI server instead.
For more information on production servers see: https://docs.djangoproject.com/en/5.2/howto/deployment/
DEBUG: check_payment_status called for order_id: 5b6d61dd-7877-4c2f-9428-433708a78064
DEBUG: is_completed=True, discord_notified=False
DEBUG: Sending Discord notification for order 5b6d61dd-7877-4c2f-9428-433708a78064
DEBUG: Exception in Discord notification: 'Order' object has no attribute 'table_id'
Watching for file changes with StatReloader
[29/Jul/2025 23:18:37] "GET /api/orders/5b6d61dd-7877-4c2f-9428-433708a78064/payment-status/ HTTP/1.1" 200 167
[29/Jul/2025 23:18:52] "GET /api/orders/5b6d61dd-7877-4c2f-9428-433708a78064/payment-status/ HTTP/1.1" 200 167
Performing system checks...

System check identified no issues (0 silenced).
July 29, 2025 - 23:18:20
Django version 5.2.4, using settings 'festival_backend.settings'
Starting development server at http://127.0.0.1:8003/
Quit the server with CONTROL-C.

WARNING: This is a development server. Do not use it in a production setting. Use a production WSGI or ASGI server instead.
For more information on production servers see: https://docs.djangoproject.com/en/5.2/howto/deployment/
DEBUG: check_payment_status called for order_id: 5b6d61dd-7877-4c2f-9428-433708a78064
DEBUG: is_completed=True, discord_notified=True
DEBUG: Skipping Discord notification - conditions not met
DEBUG: check_payment_status called for order_id: 5b6d61dd-7877-4c2f-9428-433708a78064
DEBUG: is_completed=True, discord_notified=True
DEBUG: Skipping Discord notification - conditions not met
